Determining if the pthread_create exist failed with the following output:
Change Dir: /home/alex/catkin_ws/build/CMakeFiles/CMakeTmp

Run Build Command:"/usr/bin/make" "cmTC_1932e/fast"
/usr/bin/make -f CMakeFiles/cmTC_1932e.dir/build.make CMakeFiles/cmTC_1932e.dir/build
make[1]: se entra en el directorio '/home/alex/catkin_ws/build/CMakeFiles/CMakeTmp'
Building C object CMakeFiles/cmTC_1932e.dir/CheckSymbolExists.c.o
/usr/bin/cc     -o CMakeFiles/cmTC_1932e.dir/CheckSymbolExists.c.o   -c /home/alex/catkin_ws/build/CMakeFiles/CMakeTmp/CheckSymbolExists.c
Linking C executable cmTC_1932e
/usr/bin/cmake -E cmake_link_script CMakeFiles/cmTC_1932e.dir/link.txt --verbose=1
/usr/bin/cc       CMakeFiles/cmTC_1932e.dir/CheckSymbolExists.c.o  -o cmTC_1932e -rdynamic 
CMakeFiles/cmTC_1932e.dir/CheckSymbolExists.c.o: En la función `main':
CheckSymbolExists.c:(.text+0x16): referencia a `pthread_create' sin definir
collect2: error: ld returned 1 exit status
CMakeFiles/cmTC_1932e.dir/build.make:97: fallo en las instrucciones para el objetivo 'cmTC_1932e'
make[1]: *** [cmTC_1932e] Error 1
make[1]: se sale del directorio '/home/alex/catkin_ws/build/CMakeFiles/CMakeTmp'
Makefile:126: fallo en las instrucciones para el objetivo 'cmTC_1932e/fast'
make: *** [cmTC_1932e/fast] Error 2

File /home/alex/catkin_ws/build/CMakeFiles/CMakeTmp/CheckSymbolExists.c:
/* */
#include <pthread.h>

int main(int argc, char** argv)
{
  (void)argv;
#ifndef pthread_create
  return ((int*)(&pthread_create))[argc];
#else
  (void)argc;
  return 0;
#endif
}

Determining if the function pthread_create exists in the pthreads failed with the following output:
Change Dir: /home/alex/catkin_ws/build/CMakeFiles/CMakeTmp

Run Build Command:"/usr/bin/make" "cmTC_38e42/fast"
/usr/bin/make -f CMakeFiles/cmTC_38e42.dir/build.make CMakeFiles/cmTC_38e42.dir/build
make[1]: se entra en el directorio '/home/alex/catkin_ws/build/CMakeFiles/CMakeTmp'
Building C object CMakeFiles/cmTC_38e42.dir/CheckFunctionExists.c.o
/usr/bin/cc    -DCHECK_FUNCTION_EXISTS=pthread_create   -o CMakeFiles/cmTC_38e42.dir/CheckFunctionExists.c.o   -c /usr/share/cmake-3.5/Modules/CheckFunctionExists.c
Linking C executable cmTC_38e42
/usr/bin/cmake -E cmake_link_script CMakeFiles/cmTC_38e42.dir/link.txt --verbose=1
/usr/bin/cc   -DCHECK_FUNCTION_EXISTS=pthread_create    CMakeFiles/cmTC_38e42.dir/CheckFunctionExists.c.o  -o cmTC_38e42 -rdynamic -lpthreads 
/usr/bin/ld: no se puede encontrar -lpthreads
collect2: error: ld returned 1 exit status
CMakeFiles/cmTC_38e42.dir/build.make:97: fallo en las instrucciones para el objetivo 'cmTC_38e42'
make[1]: *** [cmTC_38e42] Error 1
make[1]: se sale del directorio '/home/alex/catkin_ws/build/CMakeFiles/CMakeTmp'
Makefile:126: fallo en las instrucciones para el objetivo 'cmTC_38e42/fast'
make: *** [cmTC_38e42/fast] Error 2


